2023-10-12 22:44:37.984 [main] INFO  com.yeoyeo.Application - Starting Application using Java 17.0.1 on PARK-JEONGWOONG with PID 4100 (C:\Users\dvlprjw\IdeaProjects\Yeoyeo_Hanok\out\production\classes started by dvlprjw in C:\Users\dvlprjw\IdeaProjects\Yeoyeo_Hanok)
2023-10-12 22:44:37.984 [main] DEBUG com.yeoyeo.Application - Running with Spring Boot v2.4.1, Spring v5.3.2
2023-10-12 22:44:37.988 [main] INFO  com.yeoyeo.Application - The following profiles are active: real1,real-db,env
2023-10-12 22:44:39.801 [main] INFO  o.s.d.r.c.RepositoryConfigurationDelegate - Multiple Spring Data modules found, entering strict repository configuration mode!
2023-10-12 22:44:39.806 [main] INFO  o.s.d.r.c.RepositoryConfigurationDelegate - Bootstrapping Spring Data JPA repositories in DEFAULT mode.
2023-10-12 22:44:40.090 [main] INFO  o.s.d.r.c.RepositoryConfigurationDelegate - Finished Spring Data repository scanning in 271 ms. Found 8 JPA repository interfaces.
2023-10-12 22:44:40.104 [main] INFO  o.s.d.r.c.RepositoryConfigurationDelegate - Multiple Spring Data modules found, entering strict repository configuration mode!
2023-10-12 22:44:40.106 [main] INFO  o.s.d.r.c.RepositoryConfigurationDelegate - Bootstrapping Spring Data Redis repositories in DEFAULT mode.
2023-10-12 22:44:40.148 [main] INFO  o.s.d.r.c.RepositoryConfigurationExtensionSupport - Spring Data Redis - Could not safely identify store assignment for repository candidate interface com.yeoyeo.application.admin.repository.AdminManageInfoRepository. If you want this repository to be a Redis repository, consider annotating your entities with one of these annotations: org.springframework.data.redis.core.RedisHash (preferred), or consider extending one of the following types with your repository: org.springframework.data.keyvalue.repository.KeyValueRepository.
2023-10-12 22:44:40.150 [main] INFO  o.s.d.r.c.RepositoryConfigurationExtensionSupport - Spring Data Redis - Could not safely identify store assignment for repository candidate interface com.yeoyeo.application.admin.repository.AdministratorRepository. If you want this repository to be a Redis repository, consider annotating your entities with one of these annotations: org.springframework.data.redis.core.RedisHash (preferred), or consider extending one of the following types with your repository: org.springframework.data.keyvalue.repository.KeyValueRepository.
2023-10-12 22:44:40.150 [main] INFO  o.s.d.r.c.RepositoryConfigurationExtensionSupport - Spring Data Redis - Could not safely identify store assignment for repository candidate interface com.yeoyeo.application.dateroom.repository.DateRoomRepository. If you want this repository to be a Redis repository, consider annotating your entities with one of these annotations: org.springframework.data.redis.core.RedisHash (preferred), or consider extending one of the following types with your repository: org.springframework.data.keyvalue.repository.KeyValueRepository.
2023-10-12 22:44:40.150 [main] INFO  o.s.d.r.c.RepositoryConfigurationExtensionSupport - Spring Data Redis - Could not safely identify store assignment for repository candidate interface com.yeoyeo.application.dateroom.repository.HolidayRepository. If you want this repository to be a Redis repository, consider annotating your entities with one of these annotations: org.springframework.data.redis.core.RedisHash (preferred), or consider extending one of the following types with your repository: org.springframework.data.keyvalue.repository.KeyValueRepository.
2023-10-12 22:44:40.150 [main] INFO  o.s.d.r.c.RepositoryConfigurationExtensionSupport - Spring Data Redis - Could not safely identify store assignment for repository candidate interface com.yeoyeo.application.guest.repository.GuestRepository. If you want this repository to be a Redis repository, consider annotating your entities with one of these annotations: org.springframework.data.redis.core.RedisHash (preferred), or consider extending one of the following types with your repository: org.springframework.data.keyvalue.repository.KeyValueRepository.
2023-10-12 22:44:40.150 [main] INFO  o.s.d.r.c.RepositoryConfigurationExtensionSupport - Spring Data Redis - Could not safely identify store assignment for repository candidate interface com.yeoyeo.application.payment.repository.PaymentRepository. If you want this repository to be a Redis repository, consider annotating your entities with one of these annotations: org.springframework.data.redis.core.RedisHash (preferred), or consider extending one of the following types with your repository: org.springframework.data.keyvalue.repository.KeyValueRepository.
2023-10-12 22:44:40.153 [main] INFO  o.s.d.r.c.RepositoryConfigurationExtensionSupport - Spring Data Redis - Could not safely identify store assignment for repository candidate interface com.yeoyeo.application.reservation.repository.ReservationRepository. If you want this repository to be a Redis repository, consider annotating your entities with one of these annotations: org.springframework.data.redis.core.RedisHash (preferred), or consider extending one of the following types with your repository: org.springframework.data.keyvalue.repository.KeyValueRepository.
2023-10-12 22:44:40.153 [main] INFO  o.s.d.r.c.RepositoryConfigurationExtensionSupport - Spring Data Redis - Could not safely identify store assignment for repository candidate interface com.yeoyeo.application.room.repository.RoomRepository. If you want this repository to be a Redis repository, consider annotating your entities with one of these annotations: org.springframework.data.redis.core.RedisHash (preferred), or consider extending one of the following types with your repository: org.springframework.data.keyvalue.repository.KeyValueRepository.
2023-10-12 22:44:40.153 [main] INFO  o.s.d.r.c.RepositoryConfigurationDelegate - Finished Spring Data repository scanning in 36 ms. Found 0 Redis repository interfaces.
2023-10-12 22:44:41.209 [main] INFO  o.s.b.w.e.tomcat.TomcatWebServer - Tomcat initialized with port(s): 8081 (http)
2023-10-12 22:44:41.364 [main] INFO  o.s.b.w.s.c.ServletWebServerApplicationContext - Root WebApplicationContext: initialization completed in 3087 ms
2023-10-12 22:44:41.538 [main] WARN  o.s.b.a.o.j.JpaBaseConfiguration$JpaWebConfiguration - spring.jpa.open-in-view is enabled by default. Therefore, database queries may be performed during view rendering. Explicitly configure spring.jpa.open-in-view to disable this warning
2023-10-12 22:44:43.429 [main] INFO  o.s.o.j.LocalContainerEntityManagerFactoryBean - Initialized JPA EntityManagerFactory for persistence unit 'default'
2023-10-12 22:44:44.303 [main] INFO  o.s.b.a.h.H2ConsoleAutoConfiguration - H2 console available at '/h2-console'. Database available at 'jdbc:h2:mem:testdb'
2023-10-12 22:44:44.453 [main] DEBUG c.y.a.filter.ApiAuthenticationFilter - Filter 'apiAuthenticationFilter' configured for use
2023-10-12 22:44:44.453 [main] DEBUG c.y.a.f.CustomAuthenticationFilter - Filter 'customAuthenticationFilter' configured for use
2023-10-12 22:44:45.400 [main] INFO  com.yeoyeo.aspect.LoggingAspect - Service : com.yeoyeo.application.room.service.RoomService / Method : makeRoom
2023-10-12 22:44:45.587 [main] INFO  com.yeoyeo.aspect.LoggingAspect - Service : com.yeoyeo.application.dateroom.service.DateRoomService / Method : make9MonthsDateRoom
2023-10-12 22:44:45.594 [main] INFO  c.y.a.d.service.DateRoomService - TODAY : 2023-10-12
2023-10-12 22:44:45.594 [main] INFO  com.yeoyeo.aspect.LoggingAspect - Service : com.yeoyeo.application.common.service.WebClientService / Method : get
2023-10-12 22:44:46.407 [main] INFO  c.y.a.d.service.DateRoomService - 발 생성 날짜 완료 날짜 : 2023-10-12
2023-10-12 22:44:46.412 [main] INFO  c.y.a.d.service.DateRoomService - 발 생성 날짜 완료 날짜 : 2023-10-13
2023-10-12 22:44:46.419 [main] INFO  c.y.a.d.service.DateRoomService - 발 생성 날짜 완료 날짜 : 2023-10-14
2023-10-12 22:44:46.421 [main] INFO  c.y.a.d.service.DateRoomService - 발 생성 날짜 완료 날짜 : 2023-10-15
2023-10-12 22:44:46.428 [main] INFO  c.y.a.d.service.DateRoomService - 발 생성 날짜 완료 날짜 : 2023-10-16
2023-10-12 22:44:46.431 [main] INFO  c.y.a.d.service.DateRoomService - 발 생성 날짜 완료 날짜 : 2023-10-17
2023-10-12 22:44:46.438 [main] INFO  c.y.a.d.service.DateRoomService - 발 생성 날짜 완료 날짜 : 2023-10-18
2023-10-12 22:44:46.443 [main] INFO  c.y.a.d.service.DateRoomService - 발 생성 날짜 완료 날짜 : 2023-10-19
2023-10-12 22:44:46.446 [main] INFO  c.y.a.d.service.DateRoomService - 발 생성 날짜 완료 날짜 : 2023-10-20
2023-10-12 22:44:46.450 [main] INFO  c.y.a.d.service.DateRoomService - 발 생성 날짜 완료 날짜 : 2023-10-21
2023-10-12 22:44:46.450 [main] INFO  c.y.a.d.service.DateRoomService - 발 생성 날짜 완료 날짜 : 2023-10-22
2023-10-12 22:44:46.462 [main] INFO  c.y.a.d.service.DateRoomService - 발 생성 날짜 완료 날짜 : 2023-10-23
2023-10-12 22:44:46.470 [main] INFO  c.y.a.d.service.DateRoomService - 발 생성 날짜 완료 날짜 : 2023-10-24
2023-10-12 22:44:46.478 [main] INFO  c.y.a.d.service.DateRoomService - 발 생성 날짜 완료 날짜 : 2023-10-25
2023-10-12 22:44:46.482 [main] INFO  c.y.a.d.service.DateRoomService - 발 생성 날짜 완료 날짜 : 2023-10-26
2023-10-12 22:44:46.485 [main] INFO  c.y.a.d.service.DateRoomService - 발 생성 날짜 완료 날짜 : 2023-10-27
2023-10-12 22:44:46.494 [main] INFO  c.y.a.d.service.DateRoomService - 발 생성 날짜 완료 날짜 : 2023-10-28
2023-10-12 22:44:46.495 [main] INFO  c.y.a.d.service.DateRoomService - 발 생성 날짜 완료 날짜 : 2023-10-29
2023-10-12 22:44:46.502 [main] INFO  c.y.a.d.service.DateRoomService - 발 생성 날짜 완료 날짜 : 2023-10-30
2023-10-12 22:44:46.507 [main] INFO  c.y.a.d.service.DateRoomService - 발 생성 날짜 완료 날짜 : 2023-10-31
2023-10-12 22:44:46.507 [main] INFO  com.yeoyeo.aspect.LoggingAspect - Service : com.yeoyeo.application.common.service.WebClientService / Method : get
2023-10-12 22:44:46.584 [main] INFO  c.y.a.d.service.DateRoomService - 발 생성 날짜 완료 날짜 : 2023-11-01
2023-10-12 22:44:46.590 [main] INFO  c.y.a.d.service.DateRoomService - 발 생성 날짜 완료 날짜 : 2023-11-02
2023-10-12 22:44:46.597 [main] INFO  c.y.a.d.service.DateRoomService - 발 생성 날짜 완료 날짜 : 2023-11-03
2023-10-12 22:44:46.600 [main] INFO  c.y.a.d.service.DateRoomService - 발 생성 날짜 완료 날짜 : 2023-11-04
2023-10-12 22:44:46.615 [main] INFO  c.y.a.d.service.DateRoomService - 발 생성 날짜 완료 날짜 : 2023-11-05
2023-10-12 22:44:46.620 [main] INFO  c.y.a.d.service.DateRoomService - 발 생성 날짜 완료 날짜 : 2023-11-06
2023-10-12 22:44:46.625 [main] INFO  c.y.a.d.service.DateRoomService - 발 생성 날짜 완료 날짜 : 2023-11-07
2023-10-12 22:44:46.625 [main] INFO  c.y.a.d.service.DateRoomService - 발 생성 날짜 완료 날짜 : 2023-11-08
2023-10-12 22:44:46.634 [main] INFO  c.y.a.d.service.DateRoomService - 발 생성 날짜 완료 날짜 : 2023-11-09
2023-10-12 22:44:46.636 [main] INFO  c.y.a.d.service.DateRoomService - 발 생성 날짜 완료 날짜 : 2023-11-10
2023-10-12 22:44:46.636 [main] INFO  c.y.a.d.service.DateRoomService - 발 생성 날짜 완료 날짜 : 2023-11-11
2023-10-12 22:44:46.636 [main] INFO  c.y.a.d.service.DateRoomService - 발 생성 날짜 완료 날짜 : 2023-11-12
2023-10-12 22:44:46.636 [main] INFO  c.y.a.d.service.DateRoomService - 발 생성 날짜 완료 날짜 : 2023-11-13
2023-10-12 22:44:46.636 [main] INFO  c.y.a.d.service.DateRoomService - 발 생성 날짜 완료 날짜 : 2023-11-14
2023-10-12 22:44:46.652 [main] INFO  c.y.a.d.service.DateRoomService - 발 생성 날짜 완료 날짜 : 2023-11-15
2023-10-12 22:44:46.652 [main] INFO  c.y.a.d.service.DateRoomService - 발 생성 날짜 완료 날짜 : 2023-11-16
2023-10-12 22:44:46.652 [main] INFO  c.y.a.d.service.DateRoomService - 발 생성 날짜 완료 날짜 : 2023-11-17
2023-10-12 22:44:46.663 [main] INFO  c.y.a.d.service.DateRoomService - 발 생성 날짜 완료 날짜 : 2023-11-18
2023-10-12 22:44:46.668 [main] INFO  c.y.a.d.service.DateRoomService - 발 생성 날짜 완료 날짜 : 2023-11-19
2023-10-12 22:44:46.670 [main] INFO  c.y.a.d.service.DateRoomService - 발 생성 날짜 완료 날짜 : 2023-11-20
2023-10-12 22:44:46.671 [main] INFO  c.y.a.d.service.DateRoomService - 발 생성 날짜 완료 날짜 : 2023-11-21
2023-10-12 22:44:46.676 [main] INFO  c.y.a.d.service.DateRoomService - 발 생성 날짜 완료 날짜 : 2023-11-22
2023-10-12 22:44:46.678 [main] INFO  c.y.a.d.service.DateRoomService - 발 생성 날짜 완료 날짜 : 2023-11-23
2023-10-12 22:44:46.678 [main] INFO  c.y.a.d.service.DateRoomService - 발 생성 날짜 완료 날짜 : 2023-11-24
2023-10-12 22:44:46.683 [main] INFO  c.y.a.d.service.DateRoomService - 발 생성 날짜 완료 날짜 : 2023-11-25
2023-10-12 22:44:46.683 [main] INFO  c.y.a.d.service.DateRoomService - 발 생성 날짜 완료 날짜 : 2023-11-26
2023-10-12 22:44:46.693 [main] INFO  c.y.a.d.service.DateRoomService - 발 생성 날짜 완료 날짜 : 2023-11-27
2023-10-12 22:44:46.696 [main] INFO  c.y.a.d.service.DateRoomService - 발 생성 날짜 완료 날짜 : 2023-11-28
2023-10-12 22:44:46.699 [main] INFO  c.y.a.d.service.DateRoomService - 발 생성 날짜 완료 날짜 : 2023-11-29
2023-10-12 22:44:46.699 [main] INFO  c.y.a.d.service.DateRoomService - 발 생성 날짜 완료 날짜 : 2023-11-30
2023-10-12 22:44:46.699 [main] INFO  com.yeoyeo.aspect.LoggingAspect - Service : com.yeoyeo.application.common.service.WebClientService / Method : get
2023-10-12 22:44:46.800 [main] INFO  c.y.a.d.service.DateRoomService - 발 생성 날짜 완료 날짜 : 2023-12-01
2023-10-12 22:44:46.809 [main] INFO  c.y.a.d.service.DateRoomService - 발 생성 날짜 완료 날짜 : 2023-12-02
2023-10-12 22:44:46.825 [main] INFO  c.y.a.d.service.DateRoomService - 발 생성 날짜 완료 날짜 : 2023-12-03
2023-10-12 22:44:46.825 [main] INFO  c.y.a.d.service.DateRoomService - 발 생성 날짜 완료 날짜 : 2023-12-04
2023-10-12 22:44:46.841 [main] INFO  c.y.a.d.service.DateRoomService - 발 생성 날짜 완료 날짜 : 2023-12-05
2023-10-12 22:44:46.841 [main] INFO  c.y.a.d.service.DateRoomService - 발 생성 날짜 완료 날짜 : 2023-12-06
2023-10-12 22:44:46.855 [main] INFO  c.y.a.d.service.DateRoomService - 발 생성 날짜 완료 날짜 : 2023-12-07
2023-10-12 22:44:46.859 [main] INFO  c.y.a.d.service.DateRoomService - 발 생성 날짜 완료 날짜 : 2023-12-08
2023-10-12 22:44:46.866 [main] INFO  c.y.a.d.service.DateRoomService - 발 생성 날짜 완료 날짜 : 2023-12-09
2023-10-12 22:44:46.866 [main] INFO  c.y.a.d.service.DateRoomService - 발 생성 날짜 완료 날짜 : 2023-12-10
2023-10-12 22:44:46.876 [main] INFO  c.y.a.d.service.DateRoomService - 발 생성 날짜 완료 날짜 : 2023-12-11
2023-10-12 22:44:46.878 [main] INFO  c.y.a.d.service.DateRoomService - 발 생성 날짜 완료 날짜 : 2023-12-12
2023-10-12 22:44:46.878 [main] INFO  c.y.a.d.service.DateRoomService - 발 생성 날짜 완료 날짜 : 2023-12-13
2023-10-12 22:44:46.884 [main] INFO  c.y.a.d.service.DateRoomService - 발 생성 날짜 완료 날짜 : 2023-12-14
2023-10-12 22:44:46.887 [main] INFO  c.y.a.d.service.DateRoomService - 발 생성 날짜 완료 날짜 : 2023-12-15
2023-10-12 22:44:46.888 [main] INFO  c.y.a.d.service.DateRoomService - 발 생성 날짜 완료 날짜 : 2023-12-16
2023-10-12 22:44:46.888 [main] INFO  c.y.a.d.service.DateRoomService - 발 생성 날짜 완료 날짜 : 2023-12-17
2023-10-12 22:44:46.897 [main] INFO  c.y.a.d.service.DateRoomService - 발 생성 날짜 완료 날짜 : 2023-12-18
2023-10-12 22:44:46.897 [main] INFO  c.y.a.d.service.DateRoomService - 발 생성 날짜 완료 날짜 : 2023-12-19
2023-10-12 22:44:46.904 [main] INFO  c.y.a.d.service.DateRoomService - 발 생성 날짜 완료 날짜 : 2023-12-20
2023-10-12 22:44:46.910 [main] INFO  c.y.a.d.service.DateRoomService - 발 생성 날짜 완료 날짜 : 2023-12-21
2023-10-12 22:44:46.912 [main] INFO  c.y.a.d.service.DateRoomService - 발 생성 날짜 완료 날짜 : 2023-12-22
2023-10-12 22:44:46.916 [main] INFO  c.y.a.d.service.DateRoomService - 발 생성 날짜 완료 날짜 : 2023-12-23
2023-10-12 22:44:46.916 [main] INFO  c.y.a.d.service.DateRoomService - 발 생성 날짜 완료 날짜 : 2023-12-24
2023-10-12 22:44:46.923 [main] INFO  c.y.a.d.service.DateRoomService - 발 생성 날짜 완료 날짜 : 2023-12-25
2023-10-12 22:44:46.926 [main] INFO  c.y.a.d.service.DateRoomService - 발 생성 날짜 완료 날짜 : 2023-12-26
2023-10-12 22:44:46.926 [main] INFO  c.y.a.d.service.DateRoomService - 발 생성 날짜 완료 날짜 : 2023-12-27
2023-10-12 22:44:46.926 [main] INFO  c.y.a.d.service.DateRoomService - 발 생성 날짜 완료 날짜 : 2023-12-28
2023-10-12 22:44:46.926 [main] INFO  c.y.a.d.service.DateRoomService - 발 생성 날짜 완료 날짜 : 2023-12-29
2023-10-12 22:44:46.926 [main] INFO  c.y.a.d.service.DateRoomService - 발 생성 날짜 완료 날짜 : 2023-12-30
2023-10-12 22:44:46.936 [main] INFO  c.y.a.d.service.DateRoomService - 발 생성 날짜 완료 날짜 : 2023-12-31
2023-10-12 22:44:46.938 [main] INFO  com.yeoyeo.aspect.LoggingAspect - Service : com.yeoyeo.application.common.service.WebClientService / Method : get
2023-10-12 22:44:47.016 [main] INFO  c.y.a.d.service.DateRoomService - 발 생성 날짜 완료 날짜 : 2024-01-01
2023-10-12 22:44:47.032 [main] INFO  c.y.a.d.service.DateRoomService - 발 생성 날짜 완료 날짜 : 2024-01-02
2023-10-12 22:44:47.032 [main] INFO  c.y.a.d.service.DateRoomService - 발 생성 날짜 완료 날짜 : 2024-01-03
2023-10-12 22:44:47.046 [main] INFO  c.y.a.d.service.DateRoomService - 발 생성 날짜 완료 날짜 : 2024-01-04
2023-10-12 22:44:47.046 [main] INFO  c.y.a.d.service.DateRoomService - 발 생성 날짜 완료 날짜 : 2024-01-05
2023-10-12 22:44:47.064 [main] INFO  c.y.a.d.service.DateRoomService - 발 생성 날짜 완료 날짜 : 2024-01-06
2023-10-12 22:44:47.064 [main] INFO  c.y.a.d.service.DateRoomService - 발 생성 날짜 완료 날짜 : 2024-01-07
2023-10-12 22:44:47.064 [main] INFO  c.y.a.d.service.DateRoomService - 발 생성 날짜 완료 날짜 : 2024-01-08
2023-10-12 22:44:47.079 [main] INFO  c.y.a.d.service.DateRoomService - 발 생성 날짜 완료 날짜 : 2024-01-09
2023-10-12 22:44:47.083 [main] INFO  c.y.a.d.service.DateRoomService - 발 생성 날짜 완료 날짜 : 2024-01-10
2023-10-12 22:44:47.083 [main] INFO  c.y.a.d.service.DateRoomService - 발 생성 날짜 완료 날짜 : 2024-01-11
2023-10-12 22:44:47.090 [main] INFO  c.y.a.d.service.DateRoomService - 발 생성 날짜 완료 날짜 : 2024-01-12
2023-10-12 22:44:47.093 [main] INFO  c.y.a.d.service.DateRoomService - 발 생성 날짜 완료 날짜 : 2024-01-13
2023-10-12 22:44:47.093 [main] INFO  c.y.a.d.service.DateRoomService - 발 생성 날짜 완료 날짜 : 2024-01-14
2023-10-12 22:44:47.093 [main] INFO  c.y.a.d.service.DateRoomService - 발 생성 날짜 완료 날짜 : 2024-01-15
2023-10-12 22:44:47.093 [main] INFO  c.y.a.d.service.DateRoomService - 발 생성 날짜 완료 날짜 : 2024-01-16
2023-10-12 22:44:47.110 [main] INFO  c.y.a.d.service.DateRoomService - 발 생성 날짜 완료 날짜 : 2024-01-17
2023-10-12 22:44:47.113 [main] INFO  c.y.a.d.service.DateRoomService - 발 생성 날짜 완료 날짜 : 2024-01-18
2023-10-12 22:44:47.114 [main] INFO  c.y.a.d.service.DateRoomService - 발 생성 날짜 완료 날짜 : 2024-01-19
2023-10-12 22:44:47.116 [main] INFO  c.y.a.d.service.DateRoomService - 발 생성 날짜 완료 날짜 : 2024-01-20
2023-10-12 22:44:47.116 [main] INFO  c.y.a.d.service.DateRoomService - 발 생성 날짜 완료 날짜 : 2024-01-21
2023-10-12 22:44:47.116 [main] INFO  c.y.a.d.service.DateRoomService - 발 생성 날짜 완료 날짜 : 2024-01-22
2023-10-12 22:44:47.124 [main] INFO  c.y.a.d.service.DateRoomService - 발 생성 날짜 완료 날짜 : 2024-01-23
2023-10-12 22:44:47.127 [main] INFO  c.y.a.d.service.DateRoomService - 발 생성 날짜 완료 날짜 : 2024-01-24
2023-10-12 22:44:47.131 [main] INFO  c.y.a.d.service.DateRoomService - 발 생성 날짜 완료 날짜 : 2024-01-25
2023-10-12 22:44:47.131 [main] INFO  c.y.a.d.service.DateRoomService - 발 생성 날짜 완료 날짜 : 2024-01-26
2023-10-12 22:44:47.131 [main] INFO  c.y.a.d.service.DateRoomService - 발 생성 날짜 완료 날짜 : 2024-01-27
2023-10-12 22:44:47.131 [main] INFO  c.y.a.d.service.DateRoomService - 발 생성 날짜 완료 날짜 : 2024-01-28
2023-10-12 22:44:47.141 [main] INFO  c.y.a.d.service.DateRoomService - 발 생성 날짜 완료 날짜 : 2024-01-29
2023-10-12 22:44:47.142 [main] INFO  c.y.a.d.service.DateRoomService - 발 생성 날짜 완료 날짜 : 2024-01-30
2023-10-12 22:44:47.142 [main] INFO  c.y.a.d.service.DateRoomService - 발 생성 날짜 완료 날짜 : 2024-01-31
2023-10-12 22:44:47.142 [main] INFO  com.yeoyeo.aspect.LoggingAspect - Service : com.yeoyeo.application.common.service.WebClientService / Method : get
2023-10-12 22:44:47.287 [main] INFO  c.y.a.d.service.DateRoomService - 발 생성 날짜 완료 날짜 : 2024-02-01
2023-10-12 22:44:47.287 [main] INFO  c.y.a.d.service.DateRoomService - 발 생성 날짜 완료 날짜 : 2024-02-02
2023-10-12 22:44:47.294 [main] INFO  c.y.a.d.service.DateRoomService - 발 생성 날짜 완료 날짜 : 2024-02-03
2023-10-12 22:44:47.297 [main] INFO  c.y.a.d.service.DateRoomService - 발 생성 날짜 완료 날짜 : 2024-02-04
2023-10-12 22:44:47.298 [main] INFO  c.y.a.d.service.DateRoomService - 발 생성 날짜 완료 날짜 : 2024-02-05
2023-10-12 22:44:47.300 [main] INFO  c.y.a.d.service.DateRoomService - 발 생성 날짜 완료 날짜 : 2024-02-06
2023-10-12 22:44:47.303 [main] INFO  c.y.a.d.service.DateRoomService - 발 생성 날짜 완료 날짜 : 2024-02-07
2023-10-12 22:44:47.303 [main] INFO  c.y.a.d.service.DateRoomService - 발 생성 날짜 완료 날짜 : 2024-02-08
2023-10-12 22:44:47.305 [main] INFO  c.y.a.d.service.DateRoomService - 발 생성 날짜 완료 날짜 : 2024-02-09
2023-10-12 22:44:47.308 [main] INFO  c.y.a.d.service.DateRoomService - 발 생성 날짜 완료 날짜 : 2024-02-10
2023-10-12 22:44:47.310 [main] INFO  c.y.a.d.service.DateRoomService - 발 생성 날짜 완료 날짜 : 2024-02-11
2023-10-12 22:44:47.312 [main] INFO  c.y.a.d.service.DateRoomService - 발 생성 날짜 완료 날짜 : 2024-02-12
2023-10-12 22:44:47.312 [main] INFO  c.y.a.d.service.DateRoomService - 발 생성 날짜 완료 날짜 : 2024-02-13
2023-10-12 22:44:47.315 [main] INFO  c.y.a.d.service.DateRoomService - 발 생성 날짜 완료 날짜 : 2024-02-14
2023-10-12 22:44:47.317 [main] INFO  c.y.a.d.service.DateRoomService - 발 생성 날짜 완료 날짜 : 2024-02-15
2023-10-12 22:44:47.317 [main] INFO  c.y.a.d.service.DateRoomService - 발 생성 날짜 완료 날짜 : 2024-02-16
2023-10-12 22:44:47.317 [main] INFO  c.y.a.d.service.DateRoomService - 발 생성 날짜 완료 날짜 : 2024-02-17
2023-10-12 22:44:47.326 [main] INFO  c.y.a.d.service.DateRoomService - 발 생성 날짜 완료 날짜 : 2024-02-18
2023-10-12 22:44:47.328 [main] INFO  c.y.a.d.service.DateRoomService - 발 생성 날짜 완료 날짜 : 2024-02-19
2023-10-12 22:44:47.328 [main] INFO  c.y.a.d.service.DateRoomService - 발 생성 날짜 완료 날짜 : 2024-02-20
2023-10-12 22:44:47.331 [main] INFO  c.y.a.d.service.DateRoomService - 발 생성 날짜 완료 날짜 : 2024-02-21
2023-10-12 22:44:47.331 [main] INFO  c.y.a.d.service.DateRoomService - 발 생성 날짜 완료 날짜 : 2024-02-22
2023-10-12 22:44:47.331 [main] INFO  c.y.a.d.service.DateRoomService - 발 생성 날짜 완료 날짜 : 2024-02-23
2023-10-12 22:44:47.331 [main] INFO  c.y.a.d.service.DateRoomService - 발 생성 날짜 완료 날짜 : 2024-02-24
2023-10-12 22:44:47.341 [main] INFO  c.y.a.d.service.DateRoomService - 발 생성 날짜 완료 날짜 : 2024-02-25
2023-10-12 22:44:47.343 [main] INFO  c.y.a.d.service.DateRoomService - 발 생성 날짜 완료 날짜 : 2024-02-26
2023-10-12 22:44:47.345 [main] INFO  c.y.a.d.service.DateRoomService - 발 생성 날짜 완료 날짜 : 2024-02-27
2023-10-12 22:44:47.349 [main] INFO  c.y.a.d.service.DateRoomService - 발 생성 날짜 완료 날짜 : 2024-02-28
2023-10-12 22:44:47.349 [main] INFO  c.y.a.d.service.DateRoomService - 발 생성 날짜 완료 날짜 : 2024-02-29
2023-10-12 22:44:47.349 [main] INFO  com.yeoyeo.aspect.LoggingAspect - Service : com.yeoyeo.application.common.service.WebClientService / Method : get
2023-10-12 22:44:47.439 [main] INFO  c.y.a.d.service.DateRoomService - 발 생성 날짜 완료 날짜 : 2024-03-01
2023-10-12 22:44:47.444 [main] INFO  c.y.a.d.service.DateRoomService - 발 생성 날짜 완료 날짜 : 2024-03-02
2023-10-12 22:44:47.446 [main] INFO  c.y.a.d.service.DateRoomService - 발 생성 날짜 완료 날짜 : 2024-03-03
2023-10-12 22:44:47.449 [main] INFO  c.y.a.d.service.DateRoomService - 발 생성 날짜 완료 날짜 : 2024-03-04
2023-10-12 22:44:47.451 [main] INFO  c.y.a.d.service.DateRoomService - 발 생성 날짜 완료 날짜 : 2024-03-05
2023-10-12 22:44:47.453 [main] INFO  c.y.a.d.service.DateRoomService - 발 생성 날짜 완료 날짜 : 2024-03-06
2023-10-12 22:44:47.458 [main] INFO  c.y.a.d.service.DateRoomService - 발 생성 날짜 완료 날짜 : 2024-03-07
2023-10-12 22:44:47.459 [main] INFO  c.y.a.d.service.DateRoomService - 발 생성 날짜 완료 날짜 : 2024-03-08
2023-10-12 22:44:47.461 [main] INFO  c.y.a.d.service.DateRoomService - 발 생성 날짜 완료 날짜 : 2024-03-09
2023-10-12 22:44:47.463 [main] INFO  c.y.a.d.service.DateRoomService - 발 생성 날짜 완료 날짜 : 2024-03-10
2023-10-12 22:44:47.464 [main] INFO  c.y.a.d.service.DateRoomService - 발 생성 날짜 완료 날짜 : 2024-03-11
2023-10-12 22:44:47.466 [main] INFO  c.y.a.d.service.DateRoomService - 발 생성 날짜 완료 날짜 : 2024-03-12
2023-10-12 22:44:47.468 [main] INFO  c.y.a.d.service.DateRoomService - 발 생성 날짜 완료 날짜 : 2024-03-13
2023-10-12 22:44:47.469 [main] INFO  c.y.a.d.service.DateRoomService - 발 생성 날짜 완료 날짜 : 2024-03-14
2023-10-12 22:44:47.471 [main] INFO  c.y.a.d.service.DateRoomService - 발 생성 날짜 완료 날짜 : 2024-03-15
2023-10-12 22:44:47.473 [main] INFO  c.y.a.d.service.DateRoomService - 발 생성 날짜 완료 날짜 : 2024-03-16
2023-10-12 22:44:47.476 [main] INFO  c.y.a.d.service.DateRoomService - 발 생성 날짜 완료 날짜 : 2024-03-17
2023-10-12 22:44:47.476 [main] INFO  c.y.a.d.service.DateRoomService - 발 생성 날짜 완료 날짜 : 2024-03-18
2023-10-12 22:44:47.476 [main] INFO  c.y.a.d.service.DateRoomService - 발 생성 날짜 완료 날짜 : 2024-03-19
2023-10-12 22:44:47.481 [main] INFO  c.y.a.d.service.DateRoomService - 발 생성 날짜 완료 날짜 : 2024-03-20
2023-10-12 22:44:47.484 [main] INFO  c.y.a.d.service.DateRoomService - 발 생성 날짜 완료 날짜 : 2024-03-21
2023-10-12 22:44:47.484 [main] INFO  c.y.a.d.service.DateRoomService - 발 생성 날짜 완료 날짜 : 2024-03-22
2023-10-12 22:44:47.484 [main] INFO  c.y.a.d.service.DateRoomService - 발 생성 날짜 완료 날짜 : 2024-03-23
2023-10-12 22:44:47.484 [main] INFO  c.y.a.d.service.DateRoomService - 발 생성 날짜 완료 날짜 : 2024-03-24
2023-10-12 22:44:47.491 [main] INFO  c.y.a.d.service.DateRoomService - 발 생성 날짜 완료 날짜 : 2024-03-25
2023-10-12 22:44:47.491 [main] INFO  c.y.a.d.service.DateRoomService - 발 생성 날짜 완료 날짜 : 2024-03-26
2023-10-12 22:44:47.496 [main] INFO  c.y.a.d.service.DateRoomService - 발 생성 날짜 완료 날짜 : 2024-03-27
2023-10-12 22:44:47.496 [main] INFO  c.y.a.d.service.DateRoomService - 발 생성 날짜 완료 날짜 : 2024-03-28
2023-10-12 22:44:47.496 [main] INFO  c.y.a.d.service.DateRoomService - 발 생성 날짜 완료 날짜 : 2024-03-29
2023-10-12 22:44:47.496 [main] INFO  c.y.a.d.service.DateRoomService - 발 생성 날짜 완료 날짜 : 2024-03-30
2023-10-12 22:44:47.496 [main] INFO  c.y.a.d.service.DateRoomService - 발 생성 날짜 완료 날짜 : 2024-03-31
2023-10-12 22:44:47.496 [main] INFO  com.yeoyeo.aspect.LoggingAspect - Service : com.yeoyeo.application.common.service.WebClientService / Method : get
2023-10-12 22:44:47.912 [main] INFO  c.y.a.d.service.DateRoomService - 발 생성 날짜 완료 날짜 : 2024-04-01
2023-10-12 22:44:47.912 [main] INFO  c.y.a.d.service.DateRoomService - 발 생성 날짜 완료 날짜 : 2024-04-02
2023-10-12 22:44:47.921 [main] INFO  c.y.a.d.service.DateRoomService - 발 생성 날짜 완료 날짜 : 2024-04-03
2023-10-12 22:44:47.924 [main] INFO  c.y.a.d.service.DateRoomService - 발 생성 날짜 완료 날짜 : 2024-04-04
2023-10-12 22:44:47.924 [main] INFO  c.y.a.d.service.DateRoomService - 발 생성 날짜 완료 날짜 : 2024-04-05
2023-10-12 22:44:47.924 [main] INFO  c.y.a.d.service.DateRoomService - 발 생성 날짜 완료 날짜 : 2024-04-06
2023-10-12 22:44:47.933 [main] INFO  c.y.a.d.service.DateRoomService - 발 생성 날짜 완료 날짜 : 2024-04-07
2023-10-12 22:44:47.934 [main] INFO  c.y.a.d.service.DateRoomService - 발 생성 날짜 완료 날짜 : 2024-04-08
2023-10-12 22:44:47.937 [main] INFO  c.y.a.d.service.DateRoomService - 발 생성 날짜 완료 날짜 : 2024-04-09
2023-10-12 22:44:47.940 [main] INFO  c.y.a.d.service.DateRoomService - 발 생성 날짜 완료 날짜 : 2024-04-10
2023-10-12 22:44:47.943 [main] INFO  c.y.a.d.service.DateRoomService - 발 생성 날짜 완료 날짜 : 2024-04-11
2023-10-12 22:44:47.945 [main] INFO  c.y.a.d.service.DateRoomService - 발 생성 날짜 완료 날짜 : 2024-04-12
2023-10-12 22:44:47.947 [main] INFO  c.y.a.d.service.DateRoomService - 발 생성 날짜 완료 날짜 : 2024-04-13
2023-10-12 22:44:47.948 [main] INFO  c.y.a.d.service.DateRoomService - 발 생성 날짜 완료 날짜 : 2024-04-14
2023-10-12 22:44:47.950 [main] INFO  c.y.a.d.service.DateRoomService - 발 생성 날짜 완료 날짜 : 2024-04-15
2023-10-12 22:44:47.952 [main] INFO  c.y.a.d.service.DateRoomService - 발 생성 날짜 완료 날짜 : 2024-04-16
2023-10-12 22:44:47.954 [main] INFO  c.y.a.d.service.DateRoomService - 발 생성 날짜 완료 날짜 : 2024-04-17
2023-10-12 22:44:47.957 [main] INFO  c.y.a.d.service.DateRoomService - 발 생성 날짜 완료 날짜 : 2024-04-18
2023-10-12 22:44:47.958 [main] INFO  c.y.a.d.service.DateRoomService - 발 생성 날짜 완료 날짜 : 2024-04-19
2023-10-12 22:44:47.959 [main] INFO  c.y.a.d.service.DateRoomService - 발 생성 날짜 완료 날짜 : 2024-04-20
2023-10-12 22:44:47.959 [main] INFO  c.y.a.d.service.DateRoomService - 발 생성 날짜 완료 날짜 : 2024-04-21
2023-10-12 22:44:47.959 [main] INFO  c.y.a.d.service.DateRoomService - 발 생성 날짜 완료 날짜 : 2024-04-22
2023-10-12 22:44:47.966 [main] INFO  c.y.a.d.service.DateRoomService - 발 생성 날짜 완료 날짜 : 2024-04-23
2023-10-12 22:44:47.967 [main] INFO  c.y.a.d.service.DateRoomService - 발 생성 날짜 완료 날짜 : 2024-04-24
2023-10-12 22:44:47.969 [main] INFO  c.y.a.d.service.DateRoomService - 발 생성 날짜 완료 날짜 : 2024-04-25
2023-10-12 22:44:47.969 [main] INFO  c.y.a.d.service.DateRoomService - 발 생성 날짜 완료 날짜 : 2024-04-26
2023-10-12 22:44:47.972 [main] INFO  c.y.a.d.service.DateRoomService - 발 생성 날짜 완료 날짜 : 2024-04-27
2023-10-12 22:44:47.973 [main] INFO  c.y.a.d.service.DateRoomService - 발 생성 날짜 완료 날짜 : 2024-04-28
2023-10-12 22:44:47.973 [main] INFO  c.y.a.d.service.DateRoomService - 발 생성 날짜 완료 날짜 : 2024-04-29
2023-10-12 22:44:47.973 [main] INFO  c.y.a.d.service.DateRoomService - 발 생성 날짜 완료 날짜 : 2024-04-30
2023-10-12 22:44:47.973 [main] INFO  com.yeoyeo.aspect.LoggingAspect - Service : com.yeoyeo.application.common.service.WebClientService / Method : get
2023-10-12 22:44:48.061 [main] INFO  c.y.a.d.service.DateRoomService - 발 생성 날짜 완료 날짜 : 2024-05-01
2023-10-12 22:44:48.061 [main] INFO  c.y.a.d.service.DateRoomService - 발 생성 날짜 완료 날짜 : 2024-05-02
2023-10-12 22:44:48.061 [main] INFO  c.y.a.d.service.DateRoomService - 발 생성 날짜 완료 날짜 : 2024-05-03
2023-10-12 22:44:48.061 [main] INFO  c.y.a.d.service.DateRoomService - 발 생성 날짜 완료 날짜 : 2024-05-04
2023-10-12 22:44:48.061 [main] INFO  c.y.a.d.service.DateRoomService - 발 생성 날짜 완료 날짜 : 2024-05-05
2023-10-12 22:44:48.061 [main] INFO  c.y.a.d.service.DateRoomService - 발 생성 날짜 완료 날짜 : 2024-05-06
2023-10-12 22:44:48.061 [main] INFO  c.y.a.d.service.DateRoomService - 발 생성 날짜 완료 날짜 : 2024-05-07
2023-10-12 22:44:48.076 [main] INFO  c.y.a.d.service.DateRoomService - 발 생성 날짜 완료 날짜 : 2024-05-08
2023-10-12 22:44:48.076 [main] INFO  c.y.a.d.service.DateRoomService - 발 생성 날짜 완료 날짜 : 2024-05-09
2023-10-12 22:44:48.080 [main] INFO  c.y.a.d.service.DateRoomService - 발 생성 날짜 완료 날짜 : 2024-05-10
2023-10-12 22:44:48.081 [main] INFO  c.y.a.d.service.DateRoomService - 발 생성 날짜 완료 날짜 : 2024-05-11
2023-10-12 22:44:48.083 [main] INFO  c.y.a.d.service.DateRoomService - 발 생성 날짜 완료 날짜 : 2024-05-12
2023-10-12 22:44:48.084 [main] INFO  c.y.a.d.service.DateRoomService - 발 생성 날짜 완료 날짜 : 2024-05-13
2023-10-12 22:44:48.085 [main] INFO  c.y.a.d.service.DateRoomService - 발 생성 날짜 완료 날짜 : 2024-05-14
2023-10-12 22:44:48.085 [main] INFO  c.y.a.d.service.DateRoomService - 발 생성 날짜 완료 날짜 : 2024-05-15
2023-10-12 22:44:48.088 [main] INFO  c.y.a.d.service.DateRoomService - 발 생성 날짜 완료 날짜 : 2024-05-16
2023-10-12 22:44:48.088 [main] INFO  c.y.a.d.service.DateRoomService - 발 생성 날짜 완료 날짜 : 2024-05-17
2023-10-12 22:44:48.092 [main] INFO  c.y.a.d.service.DateRoomService - 발 생성 날짜 완료 날짜 : 2024-05-18
2023-10-12 22:44:48.095 [main] INFO  c.y.a.d.service.DateRoomService - 발 생성 날짜 완료 날짜 : 2024-05-19
2023-10-12 22:44:48.095 [main] INFO  c.y.a.d.service.DateRoomService - 발 생성 날짜 완료 날짜 : 2024-05-20
2023-10-12 22:44:48.098 [main] INFO  c.y.a.d.service.DateRoomService - 발 생성 날짜 완료 날짜 : 2024-05-21
2023-10-12 22:44:48.098 [main] INFO  c.y.a.d.service.DateRoomService - 발 생성 날짜 완료 날짜 : 2024-05-22
2023-10-12 22:44:48.100 [main] INFO  c.y.a.d.service.DateRoomService - 발 생성 날짜 완료 날짜 : 2024-05-23
2023-10-12 22:44:48.101 [main] INFO  c.y.a.d.service.DateRoomService - 발 생성 날짜 완료 날짜 : 2024-05-24
2023-10-12 22:44:48.103 [main] INFO  c.y.a.d.service.DateRoomService - 발 생성 날짜 완료 날짜 : 2024-05-25
2023-10-12 22:44:48.103 [main] INFO  c.y.a.d.service.DateRoomService - 발 생성 날짜 완료 날짜 : 2024-05-26
2023-10-12 22:44:48.103 [main] INFO  c.y.a.d.service.DateRoomService - 발 생성 날짜 완료 날짜 : 2024-05-27
2023-10-12 22:44:48.109 [main] INFO  c.y.a.d.service.DateRoomService - 발 생성 날짜 완료 날짜 : 2024-05-28
2023-10-12 22:44:48.111 [main] INFO  c.y.a.d.service.DateRoomService - 발 생성 날짜 완료 날짜 : 2024-05-29
2023-10-12 22:44:48.111 [main] INFO  c.y.a.d.service.DateRoomService - 발 생성 날짜 완료 날짜 : 2024-05-30
2023-10-12 22:44:48.111 [main] INFO  c.y.a.d.service.DateRoomService - 발 생성 날짜 완료 날짜 : 2024-05-31
2023-10-12 22:44:48.111 [main] INFO  com.yeoyeo.aspect.LoggingAspect - Service : com.yeoyeo.application.common.service.WebClientService / Method : get
2023-10-12 22:44:48.206 [main] INFO  c.y.a.d.service.DateRoomService - 발 생성 날짜 완료 날짜 : 2024-06-01
2023-10-12 22:44:48.206 [main] INFO  c.y.a.d.service.DateRoomService - 발 생성 날짜 완료 날짜 : 2024-06-02
2023-10-12 22:44:48.206 [main] INFO  c.y.a.d.service.DateRoomService - 발 생성 날짜 완료 날짜 : 2024-06-03
2023-10-12 22:44:48.206 [main] INFO  c.y.a.d.service.DateRoomService - 발 생성 날짜 완료 날짜 : 2024-06-04
2023-10-12 22:44:48.206 [main] INFO  c.y.a.d.service.DateRoomService - 발 생성 날짜 완료 날짜 : 2024-06-05
2023-10-12 22:44:48.206 [main] INFO  c.y.a.d.service.DateRoomService - 발 생성 날짜 완료 날짜 : 2024-06-06
2023-10-12 22:44:48.206 [main] INFO  c.y.a.d.service.DateRoomService - 발 생성 날짜 완료 날짜 : 2024-06-07
2023-10-12 22:44:48.206 [main] INFO  c.y.a.d.service.DateRoomService - 발 생성 날짜 완료 날짜 : 2024-06-08
2023-10-12 22:44:48.218 [main] INFO  c.y.a.d.service.DateRoomService - 발 생성 날짜 완료 날짜 : 2024-06-09
2023-10-12 22:44:48.218 [main] INFO  c.y.a.d.service.DateRoomService - 발 생성 날짜 완료 날짜 : 2024-06-10
2023-10-12 22:44:48.223 [main] INFO  c.y.a.d.service.DateRoomService - 발 생성 날짜 완료 날짜 : 2024-06-11
2023-10-12 22:44:48.223 [main] INFO  c.y.a.d.service.DateRoomService - 발 생성 날짜 완료 날짜 : 2024-06-12
2023-10-12 22:44:48.223 [main] INFO  c.y.a.d.service.DateRoomService - 발 생성 날짜 완료 날짜 : 2024-06-13
2023-10-12 22:44:48.223 [main] INFO  c.y.a.d.service.DateRoomService - 발 생성 날짜 완료 날짜 : 2024-06-14
2023-10-12 22:44:48.223 [main] INFO  c.y.a.d.service.DateRoomService - 발 생성 날짜 완료 날짜 : 2024-06-15
2023-10-12 22:44:48.223 [main] INFO  c.y.a.d.service.DateRoomService - 발 생성 날짜 완료 날짜 : 2024-06-16
2023-10-12 22:44:48.223 [main] INFO  c.y.a.d.service.DateRoomService - 발 생성 날짜 완료 날짜 : 2024-06-17
2023-10-12 22:44:48.223 [main] INFO  c.y.a.d.service.DateRoomService - 발 생성 날짜 완료 날짜 : 2024-06-18
2023-10-12 22:44:48.234 [main] INFO  c.y.a.d.service.DateRoomService - 발 생성 날짜 완료 날짜 : 2024-06-19
2023-10-12 22:44:48.235 [main] INFO  c.y.a.d.service.DateRoomService - 발 생성 날짜 완료 날짜 : 2024-06-20
2023-10-12 22:44:48.237 [main] INFO  c.y.a.d.service.DateRoomService - 발 생성 날짜 완료 날짜 : 2024-06-21
2023-10-12 22:44:48.237 [main] INFO  c.y.a.d.service.DateRoomService - 발 생성 날짜 완료 날짜 : 2024-06-22
2023-10-12 22:44:48.242 [main] INFO  c.y.a.d.service.DateRoomService - 발 생성 날짜 완료 날짜 : 2024-06-23
2023-10-12 22:44:48.242 [main] INFO  c.y.a.d.service.DateRoomService - 발 생성 날짜 완료 날짜 : 2024-06-24
2023-10-12 22:44:48.242 [main] INFO  c.y.a.d.service.DateRoomService - 발 생성 날짜 완료 날짜 : 2024-06-25
2023-10-12 22:44:48.247 [main] INFO  c.y.a.d.service.DateRoomService - 발 생성 날짜 완료 날짜 : 2024-06-26
2023-10-12 22:44:48.247 [main] INFO  c.y.a.d.service.DateRoomService - 발 생성 날짜 완료 날짜 : 2024-06-27
2023-10-12 22:44:48.249 [main] INFO  c.y.a.d.service.DateRoomService - 발 생성 날짜 완료 날짜 : 2024-06-28
2023-10-12 22:44:48.250 [main] INFO  c.y.a.d.service.DateRoomService - 발 생성 날짜 완료 날짜 : 2024-06-29
2023-10-12 22:44:48.251 [main] INFO  c.y.a.d.service.DateRoomService - 발 생성 날짜 완료 날짜 : 2024-06-30
2023-10-12 22:44:48.251 [main] INFO  com.yeoyeo.aspect.LoggingAspect - Service : com.yeoyeo.application.common.service.WebClientService / Method : get
2023-10-12 22:44:48.301 [main] INFO  c.y.a.d.service.DateRoomService - 발 생성 날짜 완료 날짜 : 2024-07-01
2023-10-12 22:44:48.312 [main] INFO  c.y.a.d.service.DateRoomService - 발 생성 날짜 완료 날짜 : 2024-07-02
2023-10-12 22:44:48.313 [main] INFO  c.y.a.d.service.DateRoomService - 발 생성 날짜 완료 날짜 : 2024-07-03
2023-10-12 22:44:48.314 [main] INFO  c.y.a.d.service.DateRoomService - 발 생성 날짜 완료 날짜 : 2024-07-04
2023-10-12 22:44:48.314 [main] INFO  c.y.a.d.service.DateRoomService - 발 생성 날짜 완료 날짜 : 2024-07-05
2023-10-12 22:44:48.314 [main] INFO  c.y.a.d.service.DateRoomService - 발 생성 날짜 완료 날짜 : 2024-07-06
2023-10-12 22:44:48.314 [main] INFO  c.y.a.d.service.DateRoomService - 발 생성 날짜 완료 날짜 : 2024-07-07
2023-10-12 22:44:48.314 [main] INFO  c.y.a.d.service.DateRoomService - Last Day : 2024-07-08
2023-10-12 22:44:48.511 [main] INFO  c.y.a.d.e.g.DateRoomGenerator - [SCHEDULE - Daily Room UnReservable Job]
2023-10-12 22:44:48.511 [main] INFO  com.yeoyeo.aspect.LoggingAspect - Service : com.yeoyeo.application.dateroom.service.DateRoomService / Method : setDateRoomUnReservableByDay
2023-10-12 22:44:48.534 [main] INFO  c.y.a.r.e.s.ReservationScheduler - [SCHEDULE - Daily Past Reservation Completion]
2023-10-12 22:44:48.534 [main] INFO  c.y.a.r.e.s.ReservationScheduler - 2023-10-12 예약 완료 처리 시작
2023-10-12 22:44:48.550 [main] INFO  c.y.a.r.e.s.ReservationScheduler - 대기 중인 예약 건수 : 0건
2023-10-12 22:44:48.566 [main] INFO  c.y.a.r.e.s.ReservationScheduler - 예약 완료 처리 정상 종료
2023-10-12 22:44:49.250 [main] INFO  o.s.b.a.e.web.EndpointLinksResolver - Exposing 2 endpoint(s) beneath base path '/actuator'
2023-10-12 22:44:49.511 [main] INFO  o.s.s.web.DefaultSecurityFilterChain - Will secure any request with [org.springframework.security.web.context.request.async.WebAsyncManagerIntegrationFilter@402ceac2, org.springframework.security.web.context.SecurityContextPersistenceFilter@6a47f34c, org.springframework.security.web.header.HeaderWriterFilter@50309820, org.springframework.web.filter.CorsFilter@1613e5ab, org.springframework.security.web.authentication.logout.LogoutFilter@332cf8ba, com.yeoyeo.adapter.filter.ApiAuthenticationFilter@52e2e426, org.springframework.security.web.authentication.UsernamePasswordAuthenticationFilter@724f5157, org.springframework.security.web.session.ConcurrentSessionFilter@2e51e263, org.springframework.security.web.savedrequest.RequestCacheAwareFilter@d34c3be, org.springframework.security.web.servletapi.SecurityContextHolderAwareRequestFilter@4666f1b5, org.springframework.security.web.authentication.AnonymousAuthenticationFilter@580930b7, org.springframework.security.web.session.SessionManagementFilter@79eade07, org.springframework.security.web.access.ExceptionTranslationFilter@234635cc, org.springframework.security.web.access.intercept.FilterSecurityInterceptor@53e432d6]
2023-10-12 22:44:49.780 [main] INFO  o.s.s.c.ThreadPoolTaskExecutor - Initializing ExecutorService 'applicationTaskExecutor'
2023-10-12 22:44:49.832 [main] INFO  o.s.b.a.w.s.WelcomePageHandlerMapping - Adding welcome page: class path resource [static/index.html]
2023-10-12 22:44:50.155 [main] INFO  o.s.b.w.e.tomcat.TomcatWebServer - Tomcat started on port(s): 8081 (http) with context path ''
2023-10-12 22:44:50.592 [main] INFO  o.s.s.a.ScheduledAnnotationBeanPostProcessor - No TaskScheduler/ScheduledExecutorService bean found for scheduled processing
2023-10-12 22:44:50.608 [main] INFO  com.yeoyeo.Application - Started Application in 13.032 seconds (JVM running for 13.872)
2023-10-12 22:44:56.800 [http-nio-8081-exec-1] INFO  o.s.web.servlet.DispatcherServlet - Initializing Servlet 'dispatcherServlet'
2023-10-12 22:44:56.800 [http-nio-8081-exec-1] INFO  o.s.web.servlet.DispatcherServlet - Completed initialization in 0 ms
2023-10-12 22:44:56.859 [http-nio-8081-exec-1] INFO  com.yeoyeo.aspect.LoggingAspect - Controller : com.yeoyeo.adapter.controller.WebRestController / Method : profile
2023-10-12 22:44:56.863 [http-nio-8081-exec-1] INFO  c.y.a.controller.WebRestController - profile() called
2023-10-12 22:45:42.591 [SpringContextShutdownHook] INFO  o.s.s.c.ThreadPoolTaskExecutor - Shutting down ExecutorService 'applicationTaskExecutor'
2023-10-12 22:45:42.733 [SpringContextShutdownHook] INFO  o.s.o.j.LocalContainerEntityManagerFactoryBean - Closing JPA EntityManagerFactory for persistence unit 'default'
